<?xml version="1.0" encoding="UTF-8"?>
<testng-results ignored="0" total="4" passed="4" failed="0" skipped="0">
  <reporter-output>
  </reporter-output>
  <suite started-at="2022-04-16T05:57:20 EDT" name="Command line suite" finished-at="2022-04-16T05:58:27 EDT" duration-ms="67589">
    <groups>
      <group name="cucumber">
        <method signature="AbstractTestNGCucumberTests.runScenario(io.cucumber.testng.PickleWrapper,io.cucumber.testng.FeatureWrapper)[pri:0, instance:ecom.runner.TestRunner@15f47664]" name="runScenario" class="io.cucumber.testng.AbstractTestNGCucumberTests"/>
      </group> <!-- cucumber -->
    </groups>
    <test started-at="2022-04-16T05:57:20 EDT" name="Command line test" finished-at="2022-04-16T05:58:27 EDT" duration-ms="67589">
      <class name="ecom.runner.TestRunner">
        <test-method is-config="true" signature="setUpClass(org.testng.ITestContext)[pri:0, instance:ecom.runner.TestRunner@15f47664]" started-at="2022-04-16T05:57:20 EDT" name="setUpClass" finished-at="2022-04-16T05:57:20 EDT" duration-ms="174" status="PASS">
          <params>
            <param index="0">
              <value>
                <![CDATA[org.testng.TestRunner@24018c8b]]>
              </value>
            </param>
          </params>
          <reporter-output>
          </reporter-output>
        </test-method> <!-- setUpClass -->
        <test-method signature="runScenario(io.cucumber.testng.PickleWrapper,io.cucumber.testng.FeatureWrapper)[pri:0, instance:ecom.runner.TestRunner@15f47664]" started-at="2022-04-16T05:57:20 EDT" name="runScenario" description="Runs Cucumber Scenarios" data-provider="scenarios" finished-at="2022-04-16T05:57:33 EDT" duration-ms="12856" status="PASS">
          <params>
            <param index="0">
              <value>
                <![CDATA["Admin should login successfully from admin URL"]]>
              </value>
            </param>
            <param index="1">
              <value>
                <![CDATA["Optional[Admin Login]"]]>
              </value>
            </param>
          </params>
          <reporter-output>
          </reporter-output>
        </test-method> <!-- runScenario -->
        <test-method signature="runScenario(io.cucumber.testng.PickleWrapper,io.cucumber.testng.FeatureWrapper)[pri:0, instance:ecom.runner.TestRunner@15f47664]" started-at="2022-04-16T05:57:33 EDT" name="runScenario" description="Runs Cucumber Scenarios" data-provider="scenarios" finished-at="2022-04-16T05:57:55 EDT" duration-ms="21953" status="PASS">
          <params>
            <param index="0">
              <value>
                <![CDATA["Admin can add product from the admin's end"]]>
              </value>
            </param>
            <param index="1">
              <value>
                <![CDATA["Optional[Admin Add Product]"]]>
              </value>
            </param>
          </params>
          <reporter-output>
          </reporter-output>
        </test-method> <!-- runScenario -->
        <test-method signature="runScenario(io.cucumber.testng.PickleWrapper,io.cucumber.testng.FeatureWrapper)[pri:0, instance:ecom.runner.TestRunner@15f47664]" started-at="2022-04-16T05:57:55 EDT" name="runScenario" description="Runs Cucumber Scenarios" data-provider="scenarios" finished-at="2022-04-16T05:58:16 EDT" duration-ms="21553" status="PASS">
          <params>
            <param index="0">
              <value>
                <![CDATA["Admin can add a campaign from the admin panel"]]>
              </value>
            </param>
            <param index="1">
              <value>
                <![CDATA["Optional[Admin Add Campaigns]"]]>
              </value>
            </param>
          </params>
          <reporter-output>
          </reporter-output>
        </test-method> <!-- runScenario -->
        <test-method signature="runScenario(io.cucumber.testng.PickleWrapper,io.cucumber.testng.FeatureWrapper)[pri:0, instance:ecom.runner.TestRunner@15f47664]" started-at="2022-04-16T05:58:16 EDT" name="runScenario" description="Runs Cucumber Scenarios" data-provider="scenarios" finished-at="2022-04-16T05:58:27 EDT" duration-ms="10922" status="PASS">
          <params>
            <param index="0">
              <value>
                <![CDATA["Admin should be able to add category successfully"]]>
              </value>
            </param>
            <param index="1">
              <value>
                <![CDATA["Optional[Admin Add Category]"]]>
              </value>
            </param>
          </params>
          <reporter-output>
          </reporter-output>
        </test-method> <!-- runScenario -->
        <test-method is-config="true" signature="tearDownClass()[pri:0, instance:ecom.runner.TestRunner@15f47664]" started-at="2022-04-16T05:58:27 EDT" name="tearDownClass" finished-at="2022-04-16T05:58:27 EDT" duration-ms="9" status="PASS">
          <reporter-output>
          </reporter-output>
        </test-method> <!-- tearDownClass -->
      </class> <!-- ecom.runner.TestRunner -->
    </test> <!-- Command line test -->
  </suite> <!-- Command line suite -->
</testng-results>
