<?xml version="1.0" encoding="UTF-8" ?>
<testsuite tests="4" failures="0" name="TestSuite" time="67.363" errors="0" skipped="0">
  <properties>
[...]
</properties>
  <testcase classname="ecom.runner.TestRunner" name="runScenario" time="12.949"/>
  <testcase classname="ecom.runner.TestRunner" name="runScenario" time="21.937"/>
  <testcase classname="ecom.runner.TestRunner" name="runScenario" time="21.553"/>
  <testcase classname="ecom.runner.TestRunner" name="runScenario" time="10.924"/>
</testsuite>