<?xml version="1.0" encoding="UTF-8"?>
<!-- Generated by org.testng.reporters.JUnitReportReporter -->
<testsuite hostname="DESKTOP-AAL5JEA" failures="0" tests="4" name="ecom.runner.TestRunner" time="59.863" errors="1" timestamp="2022-04-16T05:45:53 EDT" skipped="0">
  <testcase classname="ecom.runner.TestRunner" name="runScenario" time="10.965"/>
  <system-out/>
  <testcase classname="ecom.runner.TestRunner" name="runScenario" time="14.447">
    <error message="element click intercepted: Element &lt;div class=&quot;ant-picker-cell-inner&quot;&gt;...&lt;/div&gt; is not clickable at point (706, 269). Other element would receive the click: &lt;td title=&quot;2022-04-14&quot; class=&quot;ant-picker-cell ant-picker-cell-in-view&quot;&gt;...&lt;/td&gt;
  (Session info: chrome=100.0.4896.88)
Build info: version: &#039;4.0.0&#039;, revision: &#039;3a21814679&#039;
System info: host: &#039;DESKTOP-AAL5JEA&#039;, ip: &#039;192.168.1.201&#039;, os.name: &#039;Windows 10&#039;, os.arch: &#039;amd64&#039;, os.version: &#039;10.0&#039;, java.version: &#039;16.0.2&#039;
Driver info: org.openqa.selenium.chrome.ChromeDriver
Command: [0276cdd22bb52a166dd38ad45417dd34, clickElement {id=fea7708b-2c8b-46c0-84e2-bee25f9c5f97}]
Capabilities {acceptInsecureCerts: false, browserName: chrome, browserVersion: 100.0.4896.88, chrome: {chromedriverVersion: 100.0.4896.60 (6a5d10861ce8..., userDataDir: C:\Users\Rakibur Khan\AppDa...}, goog:chromeOptions: {debuggerAddress: localhost:63706}, javascriptEnabled: true, networkConnectionEnabled: false, pageLoadStrategy: normal, platform: WINDOWS, platformName: WINDOWS, proxy: Proxy(), se:cdp: ws://localhost:63706/devtoo..., se:cdpVersion: 100.0.4896.88, setWindowRect: true, strictFileInteractability: false, timeouts: {implicit: 0, pageLoad: 300000, script: 30000}, unhandledPromptBehavior: dismiss and notify, webauthn:extension:credBlob: true, webauthn:extension:largeBlob: true, webauthn:virtualAuthenticators: true}
Element: [[ChromeDriver: chrome on WINDOWS (0276cdd22bb52a166dd38ad45417dd34)] -&gt; xpath: (//div[@class=&#039;ant-picker-cell-inner&#039;][normalize-space()=&#039;21&#039;])[1]]
Session ID: 0276cdd22bb52a166dd38ad45417dd34" type="org.openqa.selenium.ElementClickInterceptedException">
      <![CDATA[org.openqa.selenium.ElementClickInterceptedException: element click intercepted: Element <div class="ant-picker-cell-inner">...</div> is not clickable at point (706, 269). Other element would receive the click: <td title="2022-04-14" class="ant-picker-cell ant-picker-cell-in-view">...</td>
  (Session info: chrome=100.0.4896.88)
Build info: version: '4.0.0', revision: '3a21814679'
System info: host: 'DESKTOP-AAL5JEA', ip: '192.168.1.201', os.name: 'Windows 10', os.arch: 'amd64', os.version: '10.0', java.version: '16.0.2'
Driver info: org.openqa.selenium.chrome.ChromeDriver
Command: [0276cdd22bb52a166dd38ad45417dd34, clickElement {id=fea7708b-2c8b-46c0-84e2-bee25f9c5f97}]
Capabilities {acceptInsecureCerts: false, browserName: chrome, browserVersion: 100.0.4896.88, chrome: {chromedriverVersion: 100.0.4896.60 (6a5d10861ce8..., userDataDir: C:\Users\Rakibur Khan\AppDa...}, goog:chromeOptions: {debuggerAddress: localhost:63706}, javascriptEnabled: true, networkConnectionEnabled: false, pageLoadStrategy: normal, platform: WINDOWS, platformName: WINDOWS, proxy: Proxy(), se:cdp: ws://localhost:63706/devtoo..., se:cdpVersion: 100.0.4896.88, setWindowRect: true, strictFileInteractability: false, timeouts: {implicit: 0, pageLoad: 300000, script: 30000}, unhandledPromptBehavior: dismiss and notify, webauthn:extension:credBlob: true, webauthn:extension:largeBlob: true, webauthn:virtualAuthenticators: true}
Element: [[ChromeDriver: chrome on WINDOWS (0276cdd22bb52a166dd38ad45417dd34)] -> xpath: (//div[@class='ant-picker-cell-inner'][normalize-space()='21'])[1]]
Session ID: 0276cdd22bb52a166dd38ad45417dd34
at java.base/jdk.internal.reflect.NativeConstructorAccessorImpl.newInstance0(Native Method)
at java.base/jdk.internal.reflect.NativeConstructorAccessorImpl.newInstance(NativeConstructorAccessorImpl.java:78)
at java.base/jdk.internal.reflect.DelegatingConstructorAccessorImpl.newInstance(DelegatingConstructorAccessorImpl.java:45)
at java.base/java.lang.reflect.Constructor.newInstanceWithCaller(Constructor.java:499)
at java.base/java.lang.reflect.Constructor.newInstance(Constructor.java:480)
at org.openqa.selenium.remote.codec.w3c.W3CHttpResponseCodec.createException(W3CHttpResponseCodec.java:200)
at org.openqa.selenium.remote.codec.w3c.W3CHttpResponseCodec.decode(W3CHttpResponseCodec.java:133)
at org.openqa.selenium.remote.codec.w3c.W3CHttpResponseCodec.decode(W3CHttpResponseCodec.java:53)
at org.openqa.selenium.remote.HttpCommandExecutor.execute(HttpCommandExecutor.java:184)
at org.openqa.selenium.remote.service.DriverCommandExecutor.invokeExecute(DriverCommandExecutor.java:164)
at org.openqa.selenium.remote.service.DriverCommandExecutor.execute(DriverCommandExecutor.java:139)
at org.openqa.selenium.remote.RemoteWebDriver.execute(RemoteWebDriver.java:559)
at org.openqa.selenium.remote.RemoteWebElement.execute(RemoteWebElement.java:251)
at org.openqa.selenium.remote.RemoteWebElement.click(RemoteWebElement.java:77)
at jdk.internal.reflect.GeneratedMethodAccessor4.invoke(Unknown Source)
at java.base/jdk.internal.reflect.DelegatingMethodAccessorImpl.invoke(DelegatingMethodAccessorImpl.java:43)
at java.base/java.lang.reflect.Method.invoke(Method.java:567)
at org.openqa.selenium.support.pagefactory.internal.LocatingElementHandler.invoke(LocatingElementHandler.java:52)
at jdk.proxy2/jdk.proxy2.$Proxy29.click(Unknown Source)
at ecom.pages.AdminCampaignsPOM.enterStartDate(AdminCampaignsPOM.java:99)
at ecom.stepDefinitions.AdminCampaignsSteps.i_select_the_date_for_campaign(AdminCampaignsSteps.java:41)
at ✽.I select the date for campaign(file:///C:/Users/Rakibur%20Khan/OneDrive/Documents/Ecom%20Repo/test-ecom-gui-automation/src/test/java/ecom/features/TS4U_Ecom_07_adminCampaigns.feature:13)
]]>
    </error>
  </testcase> <!-- runScenario -->
  <system-out/>
  <testcase classname="ecom.runner.TestRunner" name="runScenario" time="22.029"/>
  <system-out/>
  <testcase classname="ecom.runner.TestRunner" name="runScenario" time="12.422"/>
  <system-out/>
</testsuite> <!-- ecom.runner.TestRunner -->
